[16:53:01] [User Authenticator #21/INFO]: UUID of player NBSpace_Kid is 14d9cd87-c477-45a0-8f8e-96c2e2196452
[16:53:01] [Server thread/INFO]: NBSpace_Kid[/24.192.41.13:55489] logged in with entity id 442129 at (723.2981106644513, 82.0625, -728.0646718978006)
[16:53:01] [Server thread/INFO]: NBSpace_Kid joined the game
[17:05:56] [Server thread/WARN]: NBSpace_Kid moved wrongly!
[17:40:15] [Server thread/WARN]: Fetching packet for removed entity bcv['Air'/449258, l='ServerLevel[world]', x=747.02, y=70.00, z=-746.09]
[19:07:32] [Server thread/WARN]: NBSpace_Kid moved wrongly!
[19:37:46] [Server thread/WARN]: Can't keep up! Is the server overloaded? Running 2008ms or 40 ticks behind
[19:49:03] [Server thread/INFO]: NBSpace_Kid lost connection: Timed out
[19:49:03] [Server thread/INFO]: NBSpace_Kid left the game
[19:53:39] [User Authenticator #22/INFO]: UUID of player NBSpace_Kid is 14d9cd87-c477-45a0-8f8e-96c2e2196452
[19:53:39] [Server thread/INFO]: NBSpace_Kid[/24.192.41.13:54998] logged in with entity id 478715 at (546.3786761215931, 71.0, 3321.612123082495)
[19:53:39] [Server thread/INFO]: NBSpace_Kid joined the game
[19:57:13] [Server thread/WARN]: NBSpace_Kid moved wrongly!
[20:00:31] [Server thread/ERROR]: Input does not contain a key [type]: MapLike[{name:"minecraft:plain_flower",config:{}}]
[20:07:42] [Server thread/ERROR]: Input does not contain a key [type]: MapLike[{name:"minecraft:plain_flower",config:{}}]
[20:12:24] [Server thread/ERROR]: Input does not contain a key [type]: MapLike[{name:"minecraft:plain_flower",config:{}}]
[20:12:24] [Server thread/ERROR]: Input does not contain a key [type]: MapLike[{name:"minecraft:plain_flower",config:{}}]
[20:12:24] [Server thread/ERROR]: Input does not contain a key [type]: MapLike[{name:"minecraft:hay_pile",config:{}}]
[20:12:24] [Server thread/ERROR]: Input does not contain a key [type]: MapLike[{name:"minecraft:normal_tree",config:{}}]
[20:12:24] [Server thread/ERROR]: Input does not contain a key [type]: MapLike[{name:"minecraft:normal_tree",config:{}}]
[20:12:24] [Server thread/ERROR]: Input does not contain a key [type]: MapLike[{name:"minecraft:normal_tree",config:{}}]
[20:12:24] [Server thread/ERROR]: Input does not contain a key [type]: MapLike[{name:"minecraft:plain_flower",config:{}}]
[20:12:24] [Server thread/ERROR]: Input does not contain a key [type]: MapLike[{name:"minecraft:plain_flower",config:{}}]
[20:12:24] [Server thread/ERROR]: Input does not contain a key [type]: MapLike[{name:"minecraft:hay_pile",config:{}}]
[20:12:24] [Server thread/ERROR]: Input does not contain a key [type]: MapLike[{name:"minecraft:normal_tree",config:{}}]
[20:12:24] [Server thread/ERROR]: Input does not contain a key [type]: MapLike[{name:"minecraft:plain_flower",config:{}}]
[20:14:23] [Server thread/ERROR]: Input does not contain a key [type]: MapLike[{name:"minecraft:savanna_tree",config:{}}]
[20:14:23] [Server thread/ERROR]: Input does not contain a key [type]: MapLike[{name:"minecraft:savanna_tree",config:{}}]
[20:14:23] [Server thread/ERROR]: Input does not contain a key [type]: MapLike[{name:"minecraft:hay_pile",config:{}}]
[20:14:23] [Server thread/ERROR]: Input does not contain a key [type]: MapLike[{name:"minecraft:hay_pile",config:{}}]
[20:14:23] [Server thread/ERROR]: Input does not contain a key [type]: MapLike[{name:"minecraft:hay_pile",config:{}}]
[20:14:23] [Server thread/ERROR]: Input does not contain a key [type]: MapLike[{name:"minecraft:savanna_tree",config:{}}]
[20:14:23] [Server thread/ERROR]: Input does not contain a key [type]: MapLike[{name:"minecraft:savanna_tree",config:{}}]
[20:14:23] [Server thread/ERROR]: Input does not contain a key [type]: MapLike[{name:"minecraft:savanna_tree",config:{}}]
[20:14:46] [Server thread/ERROR]: Input does not contain a key [type]: MapLike[{name:"minecraft:hay_pile",config:{}}]
[20:14:46] [Server thread/ERROR]: Input does not contain a key [type]: MapLike[{name:"minecraft:savanna_tree",config:{}}]
[20:14:46] [Server thread/ERROR]: Input does not contain a key [type]: MapLike[{name:"minecraft:hay_pile",config:{}}]
[20:14:46] [Server thread/ERROR]: Input does not contain a key [type]: MapLike[{name:"minecraft:savanna_tree",config:{}}]
[20:14:46] [Server thread/ERROR]: Input does not contain a key [type]: MapLike[{name:"minecraft:savanna_tree",config:{}}]
[20:14:46] [Server thread/ERROR]: Input does not contain a key [type]: MapLike[{name:"minecraft:melon_pile",config:{}}]
[20:14:46] [Server thread/ERROR]: Input does not contain a key [type]: MapLike[{name:"minecraft:hay_pile",config:{}}]
[20:14:46] [Server thread/ERROR]: Input does not contain a key [type]: MapLike[{name:"minecraft:melon_pile",config:{}}]
[20:14:46] [Server thread/ERROR]: Input does not contain a key [type]: MapLike[{name:"minecraft:savanna_tree",config:{}}]
[20:14:46] [Server thread/ERROR]: Input does not contain a key [type]: MapLike[{name:"minecraft:savanna_tree",config:{}}]
[20:27:16] [Server thread/WARN]: NBSpace_Kid moved wrongly!
[20:31:03] [Server thread/WARN]: Can't keep up! Is the server overloaded? Running 2884ms or 57 ticks behind
[20:31:57] [Server thread/WARN]: Can't keep up! Is the server overloaded? Running 2014ms or 40 ticks behind
[20:52:53] [Server thread/INFO]: NBSpace_Kid has made the advancement [A Throwaway Joke]
